SF:addon/initializers/ember-keyboard-reopen-component.js
DA:1,1
DA:5,1
DA:7,1
DA:9,1
DA:10,4
DA:14,4
DA:15,4
DA:18,1
LF:8
LH:8
end_of_record
SF:addon/index.js
DA:1,1
DA:5,1
DA:9,1
DA:10,1
DA:11,1
DA:12,1
DA:13,1
DA:14,1
DA:15,1
LF:9
LH:9
end_of_record
SF:addon/listeners/key-events.js
DA:1,1
DA:5,1
DA:7,1
DA:8,1
DA:10,3
DA:12,1
DA:13,1
DA:15,1
DA:16,1
DA:18,1
DA:19,7
DA:20,13
DA:21,0
DA:26,1
DA:27,7
DA:29,7
DA:31,7
DA:34,1
DA:35,4
DA:38,1
DA:39,3
LF:21
LH:20
end_of_record
SF:addon/fixtures/key-map.js
DA:1,1
DA:5,1
DA:9,1
LF:3
LH:3
end_of_record
SF:addon/utils/listener-name.js
DA:1,1
DA:5,1
DA:7,1
DA:9,1
DA:10,25
DA:12,25
DA:14,25
LF:7
LH:7
end_of_record
SF:addon/utils/get-key.js
DA:1,1
DA:5,1
DA:9,1
DA:10,1
DA:11,11
LF:5
LH:5
end_of_record
SF:addon/mixins/keyboard-first-responder.js
DA:1,1
DA:5,1
DA:7,1
DA:8,1
DA:11,1
DA:13,1
DA:17,4
DA:19,4
DA:20,4
DA:29,26
DA:30,22
DA:34,4
DA:36,4
DA:40,4
DA:41,27
DA:43,1
LF:16
LH:16
end_of_record
SF:addon/mixins/keyboard-first-responder-on-focus.js
DA:1,1
DA:5,1
DA:7,1
DA:8,1
DA:9,1
DA:11,1
DA:17,3
DA:18,3
DA:22,3
LF:9
LH:9
end_of_record
SF:addon/mixins/activate-keyboard-on-focus.js
DA:1,1
DA:5,1
DA:7,1
DA:8,1
DA:9,1
DA:11,1
DA:17,1
DA:21,1
LF:8
LH:8
end_of_record
SF:addon/mixins/activate-keyboard-on-insert.js
DA:1,1
DA:5,1
DA:7,1
DA:8,1
DA:9,1
DA:11,1
DA:15,22
LF:7
LH:7
end_of_record
SF:addon/services/keyboard.js
DA:1,1
DA:5,1
DA:7,1
DA:8,1
DA:9,1
DA:10,1
DA:11,1
DA:12,1
DA:13,1
DA:15,1
DA:17,6
DA:21,36
DA:22,1
DA:26,35
DA:27,35
DA:28,35
DA:31,35
DA:32,27
DA:38,29
DA:39,21
DA:42,29
DA:47,29
DA:48,154
DA:54,7
DA:56,7
DA:57,14
DA:60,7
DA:61,17
DA:66,1
LF:29
LH:29
end_of_record
SF:addon/utils/handle-key-event.js
DA:1,1
DA:5,1
DA:9,1
DA:10,1
DA:11,1
DA:14,1
DA:15,8
DA:17,8
DA:18,32
DA:19,2
DA:22,32
DA:25,1
DA:26,17
DA:27,9
DA:30,8
DA:31,8
DA:32,8
DA:36,8
DA:39,8
DA:42,34
DA:43,4
DA:46,30
DA:47,60
DA:48,12
LF:24
LH:24
end_of_record