SF:addon/initializers/ember-keyboard-reopen-component.js
DA:1,1
DA:5,1
DA:7,1
DA:9,1
DA:10,4
DA:14,4
DA:15,4
DA:18,1
LF:8
LH:8
end_of_record
SF:addon/index.js
DA:1,1
DA:5,1
DA:9,1
DA:10,1
DA:11,1
DA:12,1
DA:13,1
DA:14,1
LF:8
LH:8
end_of_record
SF:addon/listeners/key-events.js
DA:1,1
DA:5,1
DA:7,1
DA:8,1
DA:10,1
DA:11,5
DA:14,1
DA:15,2
DA:18,1
DA:19,3
LF:10
LH:10
end_of_record
SF:addon/mixins/keyboard-first-responder.js
DA:1,1
DA:5,1
DA:7,1
DA:8,1
DA:11,1
DA:13,1
DA:17,4
DA:19,4
DA:20,4
DA:29,26
DA:30,22
DA:34,4
DA:36,4
DA:40,4
DA:41,27
DA:43,1
LF:16
LH:16
end_of_record
SF:addon/mixins/keyboard-first-responder-on-focus.js
DA:1,1
DA:5,1
DA:7,1
DA:8,1
DA:9,1
DA:11,1
DA:17,3
DA:18,3
DA:22,3
LF:9
LH:9
end_of_record
SF:addon/mixins/activate-keyboard-on-focus.js
DA:1,1
DA:5,1
DA:7,1
DA:8,1
DA:9,1
DA:11,1
DA:17,1
DA:21,1
LF:8
LH:8
end_of_record
SF:addon/mixins/activate-keyboard-on-insert.js
DA:1,1
DA:5,1
DA:7,1
DA:8,1
DA:9,1
DA:11,1
DA:15,22
LF:7
LH:7
end_of_record
SF:addon/services/keyboard.js
DA:1,1
DA:5,1
DA:7,1
DA:8,1
DA:9,1
DA:10,1
DA:11,1
DA:12,1
DA:14,1
DA:16,6
DA:20,36
DA:21,1
DA:25,35
DA:26,35
DA:27,35
DA:30,35
DA:31,27
DA:37,29
DA:38,21
DA:41,29
DA:46,29
DA:47,266
DA:53,7
DA:55,7
DA:56,14
DA:59,7
DA:60,17
DA:65,1
LF:28
LH:28
end_of_record
SF:addon/utils/handle-key-event.js
DA:1,1
DA:5,1
DA:9,1
DA:10,1
DA:11,1
DA:14,1
DA:15,8
DA:17,8
DA:18,32
DA:19,2
DA:22,32
DA:25,1
DA:26,17
DA:27,9
DA:30,8
DA:31,8
DA:35,8
DA:38,8
DA:41,34
DA:42,4
DA:45,30
DA:46,11
LF:22
LH:22
end_of_record
SF:addon/fixtures/key-map.js
DA:1,1
DA:5,1
DA:9,1
LF:3
LH:3
end_of_record